2025-03-02T10:43:43.759+01:00  WARN 12032 --- [HikariPool-1 housekeeper] com.zaxxer.hikari.pool.HikariPool        : HikariPool-1 - Thread starvation or clock leap detected (housekeeper delta=10h59m54s147ms317µs900ns).
2025-03-02T10:53:10.919+01:00  WARN 12032 --- [HikariPool-1 housekeeper] com.zaxxer.hikari.pool.HikariPool        : HikariPool-1 - Thread starvation or clock leap detected (housekeeper delta=2m58s62ms991µs300ns).
2025-03-02T10:53:58.539+01:00  WARN 12032 --- [HikariPool-1 housekeeper] com.zaxxer.hikari.pool.HikariPool        : HikariPool-1 - Thread starvation or clock leap detected (housekeeper delta=47s620ms431µs800ns).
2025-03-02T11:01:43.506+01:00  INFO 12032 --- [SpringApplicationShutdownHook] o.s.b.w.e.tomcat.GracefulShutdown        : Commencing graceful shutdown. Waiting for active requests to complete
2025-03-02T11:01:43.567+01:00  INFO 12032 --- [tomcat-shutdown] o.s.b.w.e.tomcat.GracefulShutdown        : Graceful shutdown complete
2025-03-02T11:01:43.606+01:00  INFO 12032 --- [SpringApplicationShutdownHook] j.LocalContainerEntityManagerFactoryBean : Closing JPA EntityManagerFactory for persistence unit 'default'
2025-03-02T11:01:43.643+01:00  INFO 12032 --- [SpringApplicationShutdownHook] com.zaxxer.hikari.HikariDataSource       : HikariPool-1 - Shutdown initiated...
2025-03-02T11:01:43.666+01:00  INFO 12032 --- [SpringApplicationShutdownHook] com.zaxxer.hikari.HikariDataSource       : HikariPool-1 - Shutdown completed.
2025-03-02T11:01:47.305+01:00  INFO 39284 --- [restartedMain] c.t.t.TerraNostraApiApplication          : Starting TerraNostraApiApplication using Java 21.0.5 with PID 39284 (C:\Users\balle\Documents\Proyectos\terra-nostra-api\target\classes started by balle in C:\Users\balle\Documents\Proyectos\terra-nostra-api)
2025-03-02T11:01:47.308+01:00  INFO 39284 --- [restartedMain] c.t.t.TerraNostraApiApplication          : No active profile set, falling back to 1 default profile: "default"
2025-03-02T11:01:47.374+01:00  INFO 39284 --- [restartedMain] .e.DevToolsPropertyDefaultsPostProcessor : Devtools property defaults active! Set 'spring.devtools.add-properties' to 'false' to disable
2025-03-02T11:01:47.374+01:00  INFO 39284 --- [restartedMain] .e.DevToolsPropertyDefaultsPostProcessor : For additional web related logging consider setting the 'logging.level.web' property to 'DEBUG'
2025-03-02T11:01:48.440+01:00  INFO 39284 --- [restartedMain] .s.d.r.c.RepositoryConfigurationDelegate : Bootstrapping Spring Data JPA repositories in DEFAULT mode.
2025-03-02T11:01:48.528+01:00  INFO 39284 --- [restartedMain] .s.d.r.c.RepositoryConfigurationDelegate : Finished Spring Data repository scanning in 75 ms. Found 2 JPA repository interfaces.
2025-03-02T11:01:49.507+01:00  INFO 39284 --- [restartedMain] o.s.b.w.embedded.tomcat.TomcatWebServer  : Tomcat initialized with port 8081 (http)
2025-03-02T11:01:49.533+01:00  INFO 39284 --- [restartedMain] o.apache.catalina.core.StandardService   : Starting service [Tomcat]
2025-03-02T11:01:49.533+01:00  INFO 39284 --- [restartedMain] o.apache.catalina.core.StandardEngine    : Starting Servlet engine: [Apache Tomcat/10.1.34]
2025-03-02T11:01:49.617+01:00  INFO 39284 --- [restartedMain] o.a.c.c.C.[Tomcat].[localhost].[/]       : Initializing Spring embedded WebApplicationContext
2025-03-02T11:01:49.617+01:00  INFO 39284 --- [restartedMain] w.s.c.ServletWebServerApplicationContext : Root WebApplicationContext: initialization completed in 2242 ms
2025-03-02T11:01:49.954+01:00  INFO 39284 --- [restartedMain] o.hibernate.jpa.internal.util.LogHelper  : HHH000204: Processing PersistenceUnitInfo [name: default]
2025-03-02T11:01:50.111+01:00  INFO 39284 --- [restartedMain] org.hibernate.Version                    : HHH000412: Hibernate ORM core version 6.6.4.Final
2025-03-02T11:01:50.170+01:00  INFO 39284 --- [restartedMain] o.h.c.internal.RegionFactoryInitiator    : HHH000026: Second-level cache disabled
2025-03-02T11:01:50.611+01:00  INFO 39284 --- [restartedMain] o.s.o.j.p.SpringPersistenceUnitInfo      : No LoadTimeWeaver setup: ignoring JPA class transformer
2025-03-02T11:01:50.655+01:00  INFO 39284 --- [restartedMain] com.zaxxer.hikari.HikariDataSource       : HikariPool-1 - Starting...
2025-03-02T11:01:50.894+01:00  INFO 39284 --- [restartedMain] com.zaxxer.hikari.pool.HikariPool        : HikariPool-1 - Added connection com.mysql.cj.jdbc.ConnectionImpl@74b51417
2025-03-02T11:01:50.896+01:00  INFO 39284 --- [restartedMain] com.zaxxer.hikari.HikariDataSource       : HikariPool-1 - Start completed.
2025-03-02T11:01:50.943+01:00  WARN 39284 --- [restartedMain] org.hibernate.orm.deprecation            : HHH90000025: MySQLDialect does not need to be specified explicitly using 'hibernate.dialect' (remove the property setting and it will be selected by default)
2025-03-02T11:01:50.964+01:00  INFO 39284 --- [restartedMain] org.hibernate.orm.connections.pooling    : HHH10001005: Database info:
	Database JDBC URL [Connecting through datasource 'HikariDataSource (HikariPool-1)']
	Database driver: undefined/unknown
	Database version: 8.4.3
	Autocommit mode: undefined/unknown
	Isolation level: undefined/unknown
	Minimum pool size: undefined/unknown
	Maximum pool size: undefined/unknown
2025-03-02T11:01:52.293+01:00  INFO 39284 --- [restartedMain] o.h.e.t.j.p.i.JtaPlatformInitiator       : HHH000489: No JTA platform available (set 'hibernate.transaction.jta.platform' to enable JTA platform integration)
2025-03-02T11:01:52.354+01:00  INFO 39284 --- [restartedMain] j.LocalContainerEntityManagerFactoryBean : Initialized JPA EntityManagerFactory for persistence unit 'default'
2025-03-02T11:01:52.904+01:00 DEBUG 39284 --- [restartedMain] swordEncoderAuthenticationManagerBuilder : No authenticationProviders and no parentAuthenticationManager defined. Returning null.
2025-03-02T11:01:52.955+01:00  WARN 39284 --- [restartedMain] JpaBaseConfiguration$JpaWebConfiguration : spring.jpa.open-in-view is enabled by default. Therefore, database queries may be performed during view rendering. Explicitly configure spring.jpa.open-in-view to disable this warning
2025-03-02T11:01:53.209+01:00 DEBUG 39284 --- [restartedMain] s.w.s.m.m.a.RequestMappingHandlerMapping : 5 mappings in 'requestMappingHandlerMapping'
2025-03-02T11:01:53.339+01:00 DEBUG 39284 --- [restartedMain] o.s.w.s.handler.SimpleUrlHandlerMapping  : Patterns [/webjars/**, /**] in 'resourceHandlerMapping'
2025-03-02T11:01:53.401+01:00 DEBUG 39284 --- [restartedMain] o.s.s.web.DefaultSecurityFilterChain     : Will secure any request with filters: DisableEncodeUrlFilter, WebAsyncManagerIntegrationFilter, SecurityContextHolderFilter, HeaderWriterFilter, LogoutFilter, RequestCacheAwareFilter, SecurityContextHolderAwareRequestFilter, AnonymousAuthenticationFilter, SessionManagementFilter, ExceptionTranslationFilter, AuthorizationFilter
2025-03-02T11:01:53.519+01:00 DEBUG 39284 --- [restartedMain] s.w.s.m.m.a.RequestMappingHandlerAdapter : ControllerAdvice beans: 0 @ModelAttribute, 0 @InitBinder, 1 RequestBodyAdvice, 1 ResponseBodyAdvice
2025-03-02T11:01:53.603+01:00 DEBUG 39284 --- [restartedMain] .m.m.a.ExceptionHandlerExceptionResolver : ControllerAdvice beans: 0 @ExceptionHandler, 1 ResponseBodyAdvice
2025-03-02T11:01:53.800+01:00  INFO 39284 --- [restartedMain] o.s.b.d.a.OptionalLiveReloadServer       : LiveReload server is running on port 35729
2025-03-02T11:01:53.853+01:00  INFO 39284 --- [restartedMain] o.s.b.w.embedded.tomcat.TomcatWebServer  : Tomcat started on port 8081 (http) with context path '/'
2025-03-02T11:01:53.863+01:00  INFO 39284 --- [restartedMain] c.t.t.TerraNostraApiApplication          : Started TerraNostraApiApplication in 7.233 seconds (process running for 8.197)
2025-03-02T11:02:28.085+01:00  INFO 39284 --- [http-nio-8081-exec-1] o.a.c.c.C.[Tomcat].[localhost].[/]       : Initializing Spring DispatcherServlet 'dispatcherServlet'
2025-03-02T11:02:28.086+01:00  INFO 39284 --- [http-nio-8081-exec-1] o.s.web.servlet.DispatcherServlet        : Initializing Servlet 'dispatcherServlet'
2025-03-02T11:02:28.087+01:00 DEBUG 39284 --- [http-nio-8081-exec-1] o.s.web.servlet.DispatcherServlet        : Detected StandardServletMultipartResolver
2025-03-02T11:02:28.087+01:00 DEBUG 39284 --- [http-nio-8081-exec-1] o.s.web.servlet.DispatcherServlet        : Detected AcceptHeaderLocaleResolver
2025-03-02T11:02:28.088+01:00 DEBUG 39284 --- [http-nio-8081-exec-1] o.s.web.servlet.DispatcherServlet        : Detected FixedThemeResolver
2025-03-02T11:02:28.090+01:00 DEBUG 39284 --- [http-nio-8081-exec-1] o.s.web.servlet.DispatcherServlet        : Detected org.springframework.web.servlet.view.DefaultRequestToViewNameTranslator@6f0f809c
2025-03-02T11:02:28.091+01:00 DEBUG 39284 --- [http-nio-8081-exec-1] o.s.web.servlet.DispatcherServlet        : Detected org.springframework.web.servlet.support.SessionFlashMapManager@21f391ad
2025-03-02T11:02:28.092+01:00 DEBUG 39284 --- [http-nio-8081-exec-1] o.s.web.servlet.DispatcherServlet        : enableLoggingRequestDetails='false': request parameters and headers will be masked to prevent unsafe logging of potentially sensitive data
2025-03-02T11:02:28.093+01:00  INFO 39284 --- [http-nio-8081-exec-1] o.s.web.servlet.DispatcherServlet        : Completed initialization in 7 ms
2025-03-02T11:02:28.136+01:00 DEBUG 39284 --- [http-nio-8081-exec-1] o.s.security.web.FilterChainProxy        : Securing POST /api/auth/login
2025-03-02T11:02:28.147+01:00 DEBUG 39284 --- [http-nio-8081-exec-1] o.s.s.w.a.AnonymousAuthenticationFilter  : Set SecurityContextHolder to anonymous SecurityContext
2025-03-02T11:02:28.150+01:00 DEBUG 39284 --- [http-nio-8081-exec-1] o.s.security.web.FilterChainProxy        : Secured POST /api/auth/login
2025-03-02T11:02:28.155+01:00 DEBUG 39284 --- [http-nio-8081-exec-1] o.s.web.servlet.DispatcherServlet        : POST "/api/auth/login", parameters={}
2025-03-02T11:02:28.157+01:00 DEBUG 39284 --- [http-nio-8081-exec-1] s.w.s.m.m.a.RequestMappingHandlerMapping : Mapped to com.tfg.terranostra.controllers.AuthController#inicioSesion(LoginDto)
2025-03-02T11:02:28.335+01:00 DEBUG 39284 --- [http-nio-8081-exec-1] m.m.a.RequestResponseBodyMethodProcessor : Read "application/json;charset=UTF-8" to [LoginDto(email=ballesterospereze@gmail.com, contrasenia=1234567)]
2025-03-02T11:02:28.606+01:00 DEBUG 39284 --- [http-nio-8081-exec-1] org.hibernate.SQL                        : 
    select
        um1_0.id,
        um1_0.apellido,
        um1_0.contrasenia,
        um1_0.direccion,
        um1_0.email,
        um1_0.fecha_registro,
        um1_0.nombre,
        um1_0.rol,
        um1_0.telefono 
    from
        usuarios um1_0 
    where
        um1_0.email=?
2025-03-02T11:02:28.842+01:00 DEBUG 39284 --- [http-nio-8081-exec-1] o.s.w.s.m.m.a.HttpEntityMethodProcessor  : Using 'text/plain', given [*/*] and supported [text/plain, */*, application/json, application/*+json]
2025-03-02T11:02:28.844+01:00 DEBUG 39284 --- [http-nio-8081-exec-1] o.s.w.s.m.m.a.HttpEntityMethodProcessor  : Writing ["❌ Credenciales incorrectas"]
2025-03-02T11:02:28.859+01:00 DEBUG 39284 --- [http-nio-8081-exec-1] o.s.web.servlet.DispatcherServlet        : Completed 401 UNAUTHORIZED
2025-03-02T11:02:34.206+01:00 DEBUG 39284 --- [http-nio-8081-exec-2] o.s.security.web.FilterChainProxy        : Securing POST /api/auth/login
2025-03-02T11:02:34.207+01:00 DEBUG 39284 --- [http-nio-8081-exec-2] o.s.s.w.a.AnonymousAuthenticationFilter  : Set SecurityContextHolder to anonymous SecurityContext
2025-03-02T11:02:34.208+01:00 DEBUG 39284 --- [http-nio-8081-exec-2] o.s.security.web.FilterChainProxy        : Secured POST /api/auth/login
2025-03-02T11:02:34.208+01:00 DEBUG 39284 --- [http-nio-8081-exec-2] o.s.web.servlet.DispatcherServlet        : POST "/api/auth/login", parameters={}
2025-03-02T11:02:34.210+01:00 DEBUG 39284 --- [http-nio-8081-exec-2] s.w.s.m.m.a.RequestMappingHandlerMapping : Mapped to com.tfg.terranostra.controllers.AuthController#inicioSesion(LoginDto)
2025-03-02T11:02:34.212+01:00 DEBUG 39284 --- [http-nio-8081-exec-2] m.m.a.RequestResponseBodyMethodProcessor : Read "application/json;charset=UTF-8" to [LoginDto(email=ballesterospereze@gmail.com, contrasenia=123456)]
2025-03-02T11:02:34.218+01:00 DEBUG 39284 --- [http-nio-8081-exec-2] org.hibernate.SQL                        : 
    select
        um1_0.id,
        um1_0.apellido,
        um1_0.contrasenia,
        um1_0.direccion,
        um1_0.email,
        um1_0.fecha_registro,
        um1_0.nombre,
        um1_0.rol,
        um1_0.telefono 
    from
        usuarios um1_0 
    where
        um1_0.email=?
2025-03-02T11:02:34.370+01:00 DEBUG 39284 --- [http-nio-8081-exec-2] o.s.w.s.m.m.a.HttpEntityMethodProcessor  : Using 'application/json', given [*/*] and supported [application/json, application/*+json]
2025-03-02T11:02:34.377+01:00 DEBUG 39284 --- [http-nio-8081-exec-2] o.s.w.s.m.m.a.HttpEntityMethodProcessor  : Writing [UsuarioDto(id=1, nombre=null, apellido=null, email=ballesterospereze@gmail.com, contrasenia=null, te (truncated)...]
2025-03-02T11:02:34.398+01:00 DEBUG 39284 --- [http-nio-8081-exec-2] o.s.web.servlet.DispatcherServlet        : Completed 200 OK
2025-03-02T11:05:17.647+01:00 DEBUG 39284 --- [http-nio-8081-exec-5] o.s.security.web.FilterChainProxy        : Securing POST /api/auth/login
2025-03-02T11:05:17.647+01:00 DEBUG 39284 --- [http-nio-8081-exec-5] o.s.s.w.a.AnonymousAuthenticationFilter  : Set SecurityContextHolder to anonymous SecurityContext
2025-03-02T11:05:17.649+01:00 DEBUG 39284 --- [http-nio-8081-exec-5] o.s.security.web.FilterChainProxy        : Secured POST /api/auth/login
2025-03-02T11:05:17.649+01:00 DEBUG 39284 --- [http-nio-8081-exec-5] o.s.web.servlet.DispatcherServlet        : POST "/api/auth/login", parameters={}
2025-03-02T11:05:17.650+01:00 DEBUG 39284 --- [http-nio-8081-exec-5] s.w.s.m.m.a.RequestMappingHandlerMapping : Mapped to com.tfg.terranostra.controllers.AuthController#inicioSesion(LoginDto)
2025-03-02T11:05:17.652+01:00 DEBUG 39284 --- [http-nio-8081-exec-5] m.m.a.RequestResponseBodyMethodProcessor : Read "application/json;charset=UTF-8" to [LoginDto(email=ballesterospereze@gmail.com, contrasenia=123456)]
2025-03-02T11:05:17.656+01:00 DEBUG 39284 --- [http-nio-8081-exec-5] org.hibernate.SQL                        : 
    select
        um1_0.id,
        um1_0.apellido,
        um1_0.contrasenia,
        um1_0.direccion,
        um1_0.email,
        um1_0.fecha_registro,
        um1_0.nombre,
        um1_0.rol,
        um1_0.telefono 
    from
        usuarios um1_0 
    where
        um1_0.email=?
2025-03-02T11:05:17.773+01:00 DEBUG 39284 --- [http-nio-8081-exec-5] o.s.w.s.m.m.a.HttpEntityMethodProcessor  : Using 'application/json', given [*/*] and supported [application/json, application/*+json]
2025-03-02T11:05:17.773+01:00 DEBUG 39284 --- [http-nio-8081-exec-5] o.s.w.s.m.m.a.HttpEntityMethodProcessor  : Writing [UsuarioDto(id=1, nombre=null, apellido=null, email=ballesterospereze@gmail.com, contrasenia=null, te (truncated)...]
2025-03-02T11:05:17.777+01:00 DEBUG 39284 --- [http-nio-8081-exec-5] o.s.web.servlet.DispatcherServlet        : Completed 200 OK
2025-03-02T11:13:08.998+01:00 DEBUG 39284 --- [http-nio-8081-exec-7] o.s.security.web.FilterChainProxy        : Securing POST /api/auth/login
2025-03-02T11:13:09.000+01:00 DEBUG 39284 --- [http-nio-8081-exec-7] o.s.s.w.a.AnonymousAuthenticationFilter  : Set SecurityContextHolder to anonymous SecurityContext
2025-03-02T11:13:09.000+01:00 DEBUG 39284 --- [http-nio-8081-exec-7] o.s.security.web.FilterChainProxy        : Secured POST /api/auth/login
2025-03-02T11:13:09.000+01:00 DEBUG 39284 --- [http-nio-8081-exec-7] o.s.web.servlet.DispatcherServlet        : POST "/api/auth/login", parameters={}
2025-03-02T11:13:09.001+01:00 DEBUG 39284 --- [http-nio-8081-exec-7] s.w.s.m.m.a.RequestMappingHandlerMapping : Mapped to com.tfg.terranostra.controllers.AuthController#inicioSesion(LoginDto)
2025-03-02T11:13:09.003+01:00 DEBUG 39284 --- [http-nio-8081-exec-7] m.m.a.RequestResponseBodyMethodProcessor : Read "application/json;charset=UTF-8" to [LoginDto(email=ballesterospereze@gmail.com, contrasenia=1234566)]
2025-03-02T11:13:09.008+01:00 DEBUG 39284 --- [http-nio-8081-exec-7] org.hibernate.SQL                        : 
    select
        um1_0.id,
        um1_0.apellido,
        um1_0.contrasenia,
        um1_0.direccion,
        um1_0.email,
        um1_0.fecha_registro,
        um1_0.nombre,
        um1_0.rol,
        um1_0.telefono 
    from
        usuarios um1_0 
    where
        um1_0.email=?
2025-03-02T11:13:09.127+01:00 DEBUG 39284 --- [http-nio-8081-exec-7] o.s.w.s.m.m.a.HttpEntityMethodProcessor  : Using 'text/plain', given [*/*] and supported [text/plain, */*, application/json, application/*+json]
2025-03-02T11:13:09.129+01:00 DEBUG 39284 --- [http-nio-8081-exec-7] o.s.w.s.m.m.a.HttpEntityMethodProcessor  : Writing ["❌ Credenciales incorrectas"]
2025-03-02T11:13:09.131+01:00 DEBUG 39284 --- [http-nio-8081-exec-7] o.s.web.servlet.DispatcherServlet        : Completed 401 UNAUTHORIZED
2025-03-02T11:13:18.144+01:00 DEBUG 39284 --- [http-nio-8081-exec-9] o.s.security.web.FilterChainProxy        : Securing POST /api/auth/login
2025-03-02T11:13:18.145+01:00 DEBUG 39284 --- [http-nio-8081-exec-9] o.s.s.w.a.AnonymousAuthenticationFilter  : Set SecurityContextHolder to anonymous SecurityContext
2025-03-02T11:13:18.145+01:00 DEBUG 39284 --- [http-nio-8081-exec-9] o.s.security.web.FilterChainProxy        : Secured POST /api/auth/login
2025-03-02T11:13:18.146+01:00 DEBUG 39284 --- [http-nio-8081-exec-9] o.s.web.servlet.DispatcherServlet        : POST "/api/auth/login", parameters={}
2025-03-02T11:13:18.147+01:00 DEBUG 39284 --- [http-nio-8081-exec-9] s.w.s.m.m.a.RequestMappingHandlerMapping : Mapped to com.tfg.terranostra.controllers.AuthController#inicioSesion(LoginDto)
2025-03-02T11:13:18.151+01:00 DEBUG 39284 --- [http-nio-8081-exec-9] m.m.a.RequestResponseBodyMethodProcessor : Read "application/json;charset=UTF-8" to [LoginDto(email=ballesterospereze@gmail.com, contrasenia=123456)]
2025-03-02T11:13:18.156+01:00 DEBUG 39284 --- [http-nio-8081-exec-9] org.hibernate.SQL                        : 
    select
        um1_0.id,
        um1_0.apellido,
        um1_0.contrasenia,
        um1_0.direccion,
        um1_0.email,
        um1_0.fecha_registro,
        um1_0.nombre,
        um1_0.rol,
        um1_0.telefono 
    from
        usuarios um1_0 
    where
        um1_0.email=?
2025-03-02T11:13:18.275+01:00 DEBUG 39284 --- [http-nio-8081-exec-9] o.s.w.s.m.m.a.HttpEntityMethodProcessor  : Using 'application/json', given [*/*] and supported [application/json, application/*+json]
2025-03-02T11:13:18.276+01:00 DEBUG 39284 --- [http-nio-8081-exec-9] o.s.w.s.m.m.a.HttpEntityMethodProcessor  : Writing [UsuarioDto(id=1, nombre=null, apellido=null, email=ballesterospereze@gmail.com, contrasenia=null, te (truncated)...]
2025-03-02T11:13:18.277+01:00 DEBUG 39284 --- [http-nio-8081-exec-9] o.s.web.servlet.DispatcherServlet        : Completed 200 OK
2025-03-02T11:15:24.193+01:00  INFO 39284 --- [SpringApplicationShutdownHook] o.s.b.w.e.tomcat.GracefulShutdown        : Commencing graceful shutdown. Waiting for active requests to complete
2025-03-02T11:15:24.210+01:00  INFO 39284 --- [tomcat-shutdown] o.s.b.w.e.tomcat.GracefulShutdown        : Graceful shutdown complete
2025-03-02T11:15:24.217+01:00  INFO 39284 --- [SpringApplicationShutdownHook] j.LocalContainerEntityManagerFactoryBean : Closing JPA EntityManagerFactory for persistence unit 'default'
2025-03-02T11:15:24.225+01:00  INFO 39284 --- [SpringApplicationShutdownHook] com.zaxxer.hikari.HikariDataSource       : HikariPool-1 - Shutdown initiated...
2025-03-02T11:15:24.239+01:00  INFO 39284 --- [SpringApplicationShutdownHook] com.zaxxer.hikari.HikariDataSource       : HikariPool-1 - Shutdown completed.
2025-03-02T11:15:36.911+01:00  INFO 20676 --- [restartedMain] c.t.t.TerraNostraApiApplication          : Starting TerraNostraApiApplication using Java 21.0.5 with PID 20676 (C:\Users\balle\Documents\Proyectos\terra-nostra-api\target\classes started by balle in C:\Users\balle\Documents\Proyectos\terra-nostra-api)
2025-03-02T11:15:36.915+01:00  INFO 20676 --- [restartedMain] c.t.t.TerraNostraApiApplication          : No active profile set, falling back to 1 default profile: "default"
2025-03-02T11:15:36.994+01:00  INFO 20676 --- [restartedMain] .e.DevToolsPropertyDefaultsPostProcessor : Devtools property defaults active! Set 'spring.devtools.add-properties' to 'false' to disable
2025-03-02T11:15:36.995+01:00  INFO 20676 --- [restartedMain] .e.DevToolsPropertyDefaultsPostProcessor : For additional web related logging consider setting the 'logging.level.web' property to 'DEBUG'
2025-03-02T11:15:38.358+01:00  INFO 20676 --- [restartedMain] .s.d.r.c.RepositoryConfigurationDelegate : Bootstrapping Spring Data JPA repositories in DEFAULT mode.
2025-03-02T11:15:38.467+01:00  INFO 20676 --- [restartedMain] .s.d.r.c.RepositoryConfigurationDelegate : Finished Spring Data repository scanning in 93 ms. Found 2 JPA repository interfaces.
2025-03-02T11:15:39.528+01:00  INFO 20676 --- [restartedMain] o.s.b.w.embedded.tomcat.TomcatWebServer  : Tomcat initialized with port 8081 (http)
2025-03-02T11:15:39.553+01:00  INFO 20676 --- [restartedMain] o.apache.catalina.core.StandardService   : Starting service [Tomcat]
2025-03-02T11:15:39.554+01:00  INFO 20676 --- [restartedMain] o.apache.catalina.core.StandardEngine    : Starting Servlet engine: [Apache Tomcat/10.1.34]
2025-03-02T11:15:39.635+01:00  INFO 20676 --- [restartedMain] o.a.c.c.C.[Tomcat].[localhost].[/]       : Initializing Spring embedded WebApplicationContext
2025-03-02T11:15:39.635+01:00  INFO 20676 --- [restartedMain] w.s.c.ServletWebServerApplicationContext : Root WebApplicationContext: initialization completed in 2639 ms
2025-03-02T11:15:39.928+01:00  INFO 20676 --- [restartedMain] o.hibernate.jpa.internal.util.LogHelper  : HHH000204: Processing PersistenceUnitInfo [name: default]
2025-03-02T11:15:40.044+01:00  INFO 20676 --- [restartedMain] org.hibernate.Version                    : HHH000412: Hibernate ORM core version 6.6.4.Final
2025-03-02T11:15:40.104+01:00  INFO 20676 --- [restartedMain] o.h.c.internal.RegionFactoryInitiator    : HHH000026: Second-level cache disabled
2025-03-02T11:15:40.483+01:00  INFO 20676 --- [restartedMain] o.s.o.j.p.SpringPersistenceUnitInfo      : No LoadTimeWeaver setup: ignoring JPA class transformer
2025-03-02T11:15:40.517+01:00  INFO 20676 --- [restartedMain] com.zaxxer.hikari.HikariDataSource       : HikariPool-1 - Starting...
2025-03-02T11:15:40.718+01:00  INFO 20676 --- [restartedMain] com.zaxxer.hikari.pool.HikariPool        : HikariPool-1 - Added connection com.mysql.cj.jdbc.ConnectionImpl@3e159b86
2025-03-02T11:15:40.720+01:00  INFO 20676 --- [restartedMain] com.zaxxer.hikari.HikariDataSource       : HikariPool-1 - Start completed.
2025-03-02T11:15:40.752+01:00  WARN 20676 --- [restartedMain] org.hibernate.orm.deprecation            : HHH90000025: MySQLDialect does not need to be specified explicitly using 'hibernate.dialect' (remove the property setting and it will be selected by default)
2025-03-02T11:15:40.771+01:00  INFO 20676 --- [restartedMain] org.hibernate.orm.connections.pooling    : HHH10001005: Database info:
	Database JDBC URL [Connecting through datasource 'HikariDataSource (HikariPool-1)']
	Database driver: undefined/unknown
	Database version: 8.4.3
	Autocommit mode: undefined/unknown
	Isolation level: undefined/unknown
	Minimum pool size: undefined/unknown
	Maximum pool size: undefined/unknown
2025-03-02T11:15:41.796+01:00  INFO 20676 --- [restartedMain] o.h.e.t.j.p.i.JtaPlatformInitiator       : HHH000489: No JTA platform available (set 'hibernate.transaction.jta.platform' to enable JTA platform integration)
2025-03-02T11:15:41.846+01:00  INFO 20676 --- [restartedMain] j.LocalContainerEntityManagerFactoryBean : Initialized JPA EntityManagerFactory for persistence unit 'default'
2025-03-02T11:15:42.360+01:00 DEBUG 20676 --- [restartedMain] swordEncoderAuthenticationManagerBuilder : No authenticationProviders and no parentAuthenticationManager defined. Returning null.
2025-03-02T11:15:42.419+01:00  WARN 20676 --- [restartedMain] JpaBaseConfiguration$JpaWebConfiguration : spring.jpa.open-in-view is enabled by default. Therefore, database queries may be performed during view rendering. Explicitly configure spring.jpa.open-in-view to disable this warning
2025-03-02T11:15:42.655+01:00 DEBUG 20676 --- [restartedMain] s.w.s.m.m.a.RequestMappingHandlerMapping : 5 mappings in 'requestMappingHandlerMapping'
2025-03-02T11:15:42.795+01:00 DEBUG 20676 --- [restartedMain] o.s.w.s.handler.SimpleUrlHandlerMapping  : Patterns [/webjars/**, /**] in 'resourceHandlerMapping'
2025-03-02T11:15:42.885+01:00 DEBUG 20676 --- [restartedMain] o.s.s.web.DefaultSecurityFilterChain     : Will secure any request with filters: DisableEncodeUrlFilter, WebAsyncManagerIntegrationFilter, SecurityContextHolderFilter, HeaderWriterFilter, LogoutFilter, RequestCacheAwareFilter, SecurityContextHolderAwareRequestFilter, AnonymousAuthenticationFilter, SessionManagementFilter, ExceptionTranslationFilter, AuthorizationFilter
2025-03-02T11:15:43.027+01:00 DEBUG 20676 --- [restartedMain] s.w.s.m.m.a.RequestMappingHandlerAdapter : ControllerAdvice beans: 0 @ModelAttribute, 0 @InitBinder, 1 RequestBodyAdvice, 1 ResponseBodyAdvice
2025-03-02T11:15:43.118+01:00 DEBUG 20676 --- [restartedMain] .m.m.a.ExceptionHandlerExceptionResolver : ControllerAdvice beans: 0 @ExceptionHandler, 1 ResponseBodyAdvice
2025-03-02T11:15:43.347+01:00  INFO 20676 --- [restartedMain] o.s.b.d.a.OptionalLiveReloadServer       : LiveReload server is running on port 35729
2025-03-02T11:15:43.403+01:00  INFO 20676 --- [restartedMain] o.s.b.w.embedded.tomcat.TomcatWebServer  : Tomcat started on port 8081 (http) with context path '/'
2025-03-02T11:15:43.416+01:00  INFO 20676 --- [restartedMain] c.t.t.TerraNostraApiApplication          : Started TerraNostraApiApplication in 7.424 seconds (process running for 8.588)
2025-03-02T11:16:09.603+01:00  INFO 20676 --- [http-nio-8081-exec-1] o.a.c.c.C.[Tomcat].[localhost].[/]       : Initializing Spring DispatcherServlet 'dispatcherServlet'
2025-03-02T11:16:09.604+01:00  INFO 20676 --- [http-nio-8081-exec-1] o.s.web.servlet.DispatcherServlet        : Initializing Servlet 'dispatcherServlet'
2025-03-02T11:16:09.604+01:00 DEBUG 20676 --- [http-nio-8081-exec-1] o.s.web.servlet.DispatcherServlet        : Detected StandardServletMultipartResolver
2025-03-02T11:16:09.605+01:00 DEBUG 20676 --- [http-nio-8081-exec-1] o.s.web.servlet.DispatcherServlet        : Detected AcceptHeaderLocaleResolver
2025-03-02T11:16:09.605+01:00 DEBUG 20676 --- [http-nio-8081-exec-1] o.s.web.servlet.DispatcherServlet        : Detected FixedThemeResolver
2025-03-02T11:16:09.606+01:00 DEBUG 20676 --- [http-nio-8081-exec-1] o.s.web.servlet.DispatcherServlet        : Detected org.springframework.web.servlet.view.DefaultRequestToViewNameTranslator@42bd9d0c
2025-03-02T11:16:09.606+01:00 DEBUG 20676 --- [http-nio-8081-exec-1] o.s.web.servlet.DispatcherServlet        : Detected org.springframework.web.servlet.support.SessionFlashMapManager@278e7233
2025-03-02T11:16:09.608+01:00 DEBUG 20676 --- [http-nio-8081-exec-1] o.s.web.servlet.DispatcherServlet        : enableLoggingRequestDetails='false': request parameters and headers will be masked to prevent unsafe logging of potentially sensitive data
2025-03-02T11:16:09.608+01:00  INFO 20676 --- [http-nio-8081-exec-1] o.s.web.servlet.DispatcherServlet        : Completed initialization in 4 ms
2025-03-02T11:16:09.641+01:00 DEBUG 20676 --- [http-nio-8081-exec-1] o.s.security.web.FilterChainProxy        : Securing POST /api/auth/login
2025-03-02T11:16:09.656+01:00 DEBUG 20676 --- [http-nio-8081-exec-1] o.s.s.w.a.AnonymousAuthenticationFilter  : Set SecurityContextHolder to anonymous SecurityContext
2025-03-02T11:16:09.659+01:00 DEBUG 20676 --- [http-nio-8081-exec-1] o.s.security.web.FilterChainProxy        : Secured POST /api/auth/login
2025-03-02T11:16:09.665+01:00 DEBUG 20676 --- [http-nio-8081-exec-1] o.s.web.servlet.DispatcherServlet        : POST "/api/auth/login", parameters={}
2025-03-02T11:16:09.669+01:00 DEBUG 20676 --- [http-nio-8081-exec-1] s.w.s.m.m.a.RequestMappingHandlerMapping : Mapped to com.tfg.terranostra.controllers.AuthController#inicioSesion(LoginDto)
2025-03-02T11:16:09.807+01:00 DEBUG 20676 --- [http-nio-8081-exec-1] m.m.a.RequestResponseBodyMethodProcessor : Read "application/json;charset=UTF-8" to [LoginDto(email=ballesterospereze@gmail.com, contrasenia=123456)]
2025-03-02T11:16:10.011+01:00 DEBUG 20676 --- [http-nio-8081-exec-1] org.hibernate.SQL                        : 
    select
        um1_0.id,
        um1_0.apellido,
        um1_0.contrasenia,
        um1_0.direccion,
        um1_0.email,
        um1_0.fecha_registro,
        um1_0.nombre,
        um1_0.rol,
        um1_0.telefono 
    from
        usuarios um1_0 
    where
        um1_0.email=?
2025-03-02T11:16:10.318+01:00 DEBUG 20676 --- [http-nio-8081-exec-1] o.s.w.s.m.m.a.HttpEntityMethodProcessor  : Using 'application/json', given [*/*] and supported [application/json, application/*+json]
2025-03-02T11:16:10.335+01:00 DEBUG 20676 --- [http-nio-8081-exec-1] o.s.w.s.m.m.a.HttpEntityMethodProcessor  : Writing [UsuarioDto(id=1, nombre=null, apellido=null, email=ballesterospereze@gmail.com, contrasenia=null, te (truncated)...]
2025-03-02T11:16:10.381+01:00 DEBUG 20676 --- [http-nio-8081-exec-1] o.s.web.servlet.DispatcherServlet        : Completed 200 OK
2025-03-02T11:21:50.516+01:00  INFO 20676 --- [SpringApplicationShutdownHook] o.s.b.w.e.tomcat.GracefulShutdown        : Commencing graceful shutdown. Waiting for active requests to complete
2025-03-02T11:21:50.528+01:00  INFO 20676 --- [tomcat-shutdown] o.s.b.w.e.tomcat.GracefulShutdown        : Graceful shutdown complete
2025-03-02T11:21:50.536+01:00  INFO 20676 --- [SpringApplicationShutdownHook] j.LocalContainerEntityManagerFactoryBean : Closing JPA EntityManagerFactory for persistence unit 'default'
2025-03-02T11:21:50.543+01:00  INFO 20676 --- [SpringApplicationShutdownHook] com.zaxxer.hikari.HikariDataSource       : HikariPool-1 - Shutdown initiated...
2025-03-02T11:21:50.563+01:00  INFO 20676 --- [SpringApplicationShutdownHook] com.zaxxer.hikari.HikariDataSource       : HikariPool-1 - Shutdown completed.
2025-03-02T11:22:09.759+01:00  INFO 5140 --- [restartedMain] c.t.t.TerraNostraApiApplication          : Starting TerraNostraApiApplication using Java 21.0.5 with PID 5140 (C:\Users\balle\Documents\Proyectos\terra-nostra-api\target\classes started by balle in C:\Users\balle\Documents\Proyectos\terra-nostra-api)
2025-03-02T11:22:09.763+01:00  INFO 5140 --- [restartedMain] c.t.t.TerraNostraApiApplication          : No active profile set, falling back to 1 default profile: "default"
2025-03-02T11:22:09.822+01:00  INFO 5140 --- [restartedMain] .e.DevToolsPropertyDefaultsPostProcessor : Devtools property defaults active! Set 'spring.devtools.add-properties' to 'false' to disable
2025-03-02T11:22:09.822+01:00  INFO 5140 --- [restartedMain] .e.DevToolsPropertyDefaultsPostProcessor : For additional web related logging consider setting the 'logging.level.web' property to 'DEBUG'
2025-03-02T11:22:10.773+01:00  INFO 5140 --- [restartedMain] .s.d.r.c.RepositoryConfigurationDelegate : Bootstrapping Spring Data JPA repositories in DEFAULT mode.
2025-03-02T11:22:10.860+01:00  INFO 5140 --- [restartedMain] .s.d.r.c.RepositoryConfigurationDelegate : Finished Spring Data repository scanning in 74 ms. Found 2 JPA repository interfaces.
2025-03-02T11:22:11.799+01:00  INFO 5140 --- [restartedMain] o.s.b.w.embedded.tomcat.TomcatWebServer  : Tomcat initialized with port 8081 (http)
2025-03-02T11:22:11.824+01:00  INFO 5140 --- [restartedMain] o.apache.catalina.core.StandardService   : Starting service [Tomcat]
2025-03-02T11:22:11.825+01:00  INFO 5140 --- [restartedMain] o.apache.catalina.core.StandardEngine    : Starting Servlet engine: [Apache Tomcat/10.1.34]
2025-03-02T11:22:11.901+01:00  INFO 5140 --- [restartedMain] o.a.c.c.C.[Tomcat].[localhost].[/]       : Initializing Spring embedded WebApplicationContext
2025-03-02T11:22:11.901+01:00  INFO 5140 --- [restartedMain] w.s.c.ServletWebServerApplicationContext : Root WebApplicationContext: initialization completed in 2078 ms
2025-03-02T11:22:12.176+01:00  INFO 5140 --- [restartedMain] o.hibernate.jpa.internal.util.LogHelper  : HHH000204: Processing PersistenceUnitInfo [name: default]
2025-03-02T11:22:12.269+01:00  INFO 5140 --- [restartedMain] org.hibernate.Version                    : HHH000412: Hibernate ORM core version 6.6.4.Final
2025-03-02T11:22:12.326+01:00  INFO 5140 --- [restartedMain] o.h.c.internal.RegionFactoryInitiator    : HHH000026: Second-level cache disabled
2025-03-02T11:22:12.725+01:00  INFO 5140 --- [restartedMain] o.s.o.j.p.SpringPersistenceUnitInfo      : No LoadTimeWeaver setup: ignoring JPA class transformer
2025-03-02T11:22:12.761+01:00  INFO 5140 --- [restartedMain] com.zaxxer.hikari.HikariDataSource       : HikariPool-1 - Starting...
2025-03-02T11:22:12.974+01:00  INFO 5140 --- [restartedMain] com.zaxxer.hikari.pool.HikariPool        : HikariPool-1 - Added connection com.mysql.cj.jdbc.ConnectionImpl@62f4c01c
2025-03-02T11:22:12.976+01:00  INFO 5140 --- [restartedMain] com.zaxxer.hikari.HikariDataSource       : HikariPool-1 - Start completed.
2025-03-02T11:22:13.013+01:00  WARN 5140 --- [restartedMain] org.hibernate.orm.deprecation            : HHH90000025: MySQLDialect does not need to be specified explicitly using 'hibernate.dialect' (remove the property setting and it will be selected by default)
2025-03-02T11:22:13.032+01:00  INFO 5140 --- [restartedMain] org.hibernate.orm.connections.pooling    : HHH10001005: Database info:
	Database JDBC URL [Connecting through datasource 'HikariDataSource (HikariPool-1)']
	Database driver: undefined/unknown
	Database version: 8.4.3
	Autocommit mode: undefined/unknown
	Isolation level: undefined/unknown
	Minimum pool size: undefined/unknown
	Maximum pool size: undefined/unknown
2025-03-02T11:22:13.849+01:00  INFO 5140 --- [restartedMain] o.h.e.t.j.p.i.JtaPlatformInitiator       : HHH000489: No JTA platform available (set 'hibernate.transaction.jta.platform' to enable JTA platform integration)
2025-03-02T11:22:13.893+01:00  INFO 5140 --- [restartedMain] j.LocalContainerEntityManagerFactoryBean : Initialized JPA EntityManagerFactory for persistence unit 'default'
2025-03-02T11:22:14.379+01:00 DEBUG 5140 --- [restartedMain] swordEncoderAuthenticationManagerBuilder : No authenticationProviders and no parentAuthenticationManager defined. Returning null.
2025-03-02T11:22:14.432+01:00  WARN 5140 --- [restartedMain] JpaBaseConfiguration$JpaWebConfiguration : spring.jpa.open-in-view is enabled by default. Therefore, database queries may be performed during view rendering. Explicitly configure spring.jpa.open-in-view to disable this warning
2025-03-02T11:22:14.654+01:00 DEBUG 5140 --- [restartedMain] s.w.s.m.m.a.RequestMappingHandlerMapping : 5 mappings in 'requestMappingHandlerMapping'
2025-03-02T11:22:14.783+01:00 DEBUG 5140 --- [restartedMain] o.s.w.s.handler.SimpleUrlHandlerMapping  : Patterns [/webjars/**, /**] in 'resourceHandlerMapping'
2025-03-02T11:22:14.856+01:00 DEBUG 5140 --- [restartedMain] o.s.s.web.DefaultSecurityFilterChain     : Will secure any request with filters: DisableEncodeUrlFilter, WebAsyncManagerIntegrationFilter, SecurityContextHolderFilter, HeaderWriterFilter, LogoutFilter, RequestCacheAwareFilter, SecurityContextHolderAwareRequestFilter, AnonymousAuthenticationFilter, SessionManagementFilter, ExceptionTranslationFilter, AuthorizationFilter
2025-03-02T11:22:14.973+01:00 DEBUG 5140 --- [restartedMain] s.w.s.m.m.a.RequestMappingHandlerAdapter : ControllerAdvice beans: 0 @ModelAttribute, 0 @InitBinder, 1 RequestBodyAdvice, 1 ResponseBodyAdvice
2025-03-02T11:22:15.060+01:00 DEBUG 5140 --- [restartedMain] .m.m.a.ExceptionHandlerExceptionResolver : ControllerAdvice beans: 0 @ExceptionHandler, 1 ResponseBodyAdvice
2025-03-02T11:22:15.248+01:00  INFO 5140 --- [restartedMain] o.s.b.d.a.OptionalLiveReloadServer       : LiveReload server is running on port 35729
2025-03-02T11:22:15.292+01:00  INFO 5140 --- [restartedMain] o.s.b.w.embedded.tomcat.TomcatWebServer  : Tomcat started on port 8081 (http) with context path '/'
2025-03-02T11:22:15.302+01:00  INFO 5140 --- [restartedMain] c.t.t.TerraNostraApiApplication          : Started TerraNostraApiApplication in 6.333 seconds (process running for 7.307)
2025-03-02T11:22:49.586+01:00  INFO 5140 --- [http-nio-8081-exec-1] o.a.c.c.C.[Tomcat].[localhost].[/]       : Initializing Spring DispatcherServlet 'dispatcherServlet'
2025-03-02T11:22:49.587+01:00  INFO 5140 --- [http-nio-8081-exec-1] o.s.web.servlet.DispatcherServlet        : Initializing Servlet 'dispatcherServlet'
2025-03-02T11:22:49.587+01:00 DEBUG 5140 --- [http-nio-8081-exec-1] o.s.web.servlet.DispatcherServlet        : Detected StandardServletMultipartResolver
2025-03-02T11:22:49.589+01:00 DEBUG 5140 --- [http-nio-8081-exec-1] o.s.web.servlet.DispatcherServlet        : Detected AcceptHeaderLocaleResolver
2025-03-02T11:22:49.589+01:00 DEBUG 5140 --- [http-nio-8081-exec-1] o.s.web.servlet.DispatcherServlet        : Detected FixedThemeResolver
2025-03-02T11:22:49.591+01:00 DEBUG 5140 --- [http-nio-8081-exec-1] o.s.web.servlet.DispatcherServlet        : Detected org.springframework.web.servlet.view.DefaultRequestToViewNameTranslator@4b9ec581
2025-03-02T11:22:49.592+01:00 DEBUG 5140 --- [http-nio-8081-exec-1] o.s.web.servlet.DispatcherServlet        : Detected org.springframework.web.servlet.support.SessionFlashMapManager@7b4c2a6a
2025-03-02T11:22:49.593+01:00 DEBUG 5140 --- [http-nio-8081-exec-1] o.s.web.servlet.DispatcherServlet        : enableLoggingRequestDetails='false': request parameters and headers will be masked to prevent unsafe logging of potentially sensitive data
2025-03-02T11:22:49.593+01:00  INFO 5140 --- [http-nio-8081-exec-1] o.s.web.servlet.DispatcherServlet        : Completed initialization in 6 ms
2025-03-02T11:22:49.629+01:00 DEBUG 5140 --- [http-nio-8081-exec-1] o.s.security.web.FilterChainProxy        : Securing POST /api/auth/login
2025-03-02T11:22:49.644+01:00 DEBUG 5140 --- [http-nio-8081-exec-1] o.s.s.w.a.AnonymousAuthenticationFilter  : Set SecurityContextHolder to anonymous SecurityContext
2025-03-02T11:22:49.647+01:00 DEBUG 5140 --- [http-nio-8081-exec-1] o.s.security.web.FilterChainProxy        : Secured POST /api/auth/login
2025-03-02T11:22:49.653+01:00 DEBUG 5140 --- [http-nio-8081-exec-1] o.s.web.servlet.DispatcherServlet        : POST "/api/auth/login", parameters={}
2025-03-02T11:22:49.656+01:00 DEBUG 5140 --- [http-nio-8081-exec-1] s.w.s.m.m.a.RequestMappingHandlerMapping : Mapped to com.tfg.terranostra.controllers.AuthController#inicioSesion(LoginDto)
2025-03-02T11:22:49.792+01:00 DEBUG 5140 --- [http-nio-8081-exec-1] m.m.a.RequestResponseBodyMethodProcessor : Read "application/json;charset=UTF-8" to [LoginDto(email=ballesterospereze@gmail.com, contrasenia=123456)]
2025-03-02T11:22:50.049+01:00 DEBUG 5140 --- [http-nio-8081-exec-1] org.hibernate.SQL                        : 
    select
        um1_0.id,
        um1_0.apellido,
        um1_0.contrasenia,
        um1_0.direccion,
        um1_0.email,
        um1_0.fecha_registro,
        um1_0.nombre,
        um1_0.rol,
        um1_0.telefono 
    from
        usuarios um1_0 
    where
        um1_0.email=?
2025-03-02T11:22:50.331+01:00 DEBUG 5140 --- [http-nio-8081-exec-1] o.s.w.s.m.m.a.HttpEntityMethodProcessor  : Using 'application/json', given [*/*] and supported [application/json, application/*+json]
2025-03-02T11:22:50.346+01:00 DEBUG 5140 --- [http-nio-8081-exec-1] o.s.w.s.m.m.a.HttpEntityMethodProcessor  : Writing [UsuarioDto(id=1, nombre=null, apellido=null, email=ballesterospereze@gmail.com, contrasenia=null, te (truncated)...]
2025-03-02T11:22:50.383+01:00 DEBUG 5140 --- [http-nio-8081-exec-1] o.s.web.servlet.DispatcherServlet        : Completed 200 OK
2025-03-02T11:26:00.096+01:00  INFO 5140 --- [SpringApplicationShutdownHook] o.s.b.w.e.tomcat.GracefulShutdown        : Commencing graceful shutdown. Waiting for active requests to complete
2025-03-02T11:26:00.111+01:00  INFO 5140 --- [tomcat-shutdown] o.s.b.w.e.tomcat.GracefulShutdown        : Graceful shutdown complete
2025-03-02T11:26:00.118+01:00  INFO 5140 --- [SpringApplicationShutdownHook] j.LocalContainerEntityManagerFactoryBean : Closing JPA EntityManagerFactory for persistence unit 'default'
2025-03-02T11:26:00.124+01:00  INFO 5140 --- [SpringApplicationShutdownHook] com.zaxxer.hikari.HikariDataSource       : HikariPool-1 - Shutdown initiated...
2025-03-02T11:26:00.137+01:00  INFO 5140 --- [SpringApplicationShutdownHook] com.zaxxer.hikari.HikariDataSource       : HikariPool-1 - Shutdown completed.
2025-03-02T11:26:21.387+01:00  INFO 40456 --- [restartedMain] c.t.t.TerraNostraApiApplication          : Starting TerraNostraApiApplication using Java 21.0.5 with PID 40456 (C:\Users\balle\Documents\Proyectos\terra-nostra-api\target\classes started by balle in C:\Users\balle\Documents\Proyectos\terra-nostra-api)
2025-03-02T11:26:21.392+01:00  INFO 40456 --- [restartedMain] c.t.t.TerraNostraApiApplication          : No active profile set, falling back to 1 default profile: "default"
2025-03-02T11:26:21.474+01:00  INFO 40456 --- [restartedMain] .e.DevToolsPropertyDefaultsPostProcessor : Devtools property defaults active! Set 'spring.devtools.add-properties' to 'false' to disable
2025-03-02T11:26:21.474+01:00  INFO 40456 --- [restartedMain] .e.DevToolsPropertyDefaultsPostProcessor : For additional web related logging consider setting the 'logging.level.web' property to 'DEBUG'
2025-03-02T11:26:22.820+01:00  INFO 40456 --- [restartedMain] .s.d.r.c.RepositoryConfigurationDelegate : Bootstrapping Spring Data JPA repositories in DEFAULT mode.
2025-03-02T11:26:22.936+01:00  INFO 40456 --- [restartedMain] .s.d.r.c.RepositoryConfigurationDelegate : Finished Spring Data repository scanning in 98 ms. Found 2 JPA repository interfaces.
2025-03-02T11:26:24.000+01:00  INFO 40456 --- [restartedMain] o.s.b.w.embedded.tomcat.TomcatWebServer  : Tomcat initialized with port 8081 (http)
2025-03-02T11:26:24.027+01:00  INFO 40456 --- [restartedMain] o.apache.catalina.core.StandardService   : Starting service [Tomcat]
2025-03-02T11:26:24.027+01:00  INFO 40456 --- [restartedMain] o.apache.catalina.core.StandardEngine    : Starting Servlet engine: [Apache Tomcat/10.1.34]
2025-03-02T11:26:24.114+01:00  INFO 40456 --- [restartedMain] o.a.c.c.C.[Tomcat].[localhost].[/]       : Initializing Spring embedded WebApplicationContext
2025-03-02T11:26:24.115+01:00  INFO 40456 --- [restartedMain] w.s.c.ServletWebServerApplicationContext : Root WebApplicationContext: initialization completed in 2639 ms
2025-03-02T11:26:24.411+01:00  INFO 40456 --- [restartedMain] o.hibernate.jpa.internal.util.LogHelper  : HHH000204: Processing PersistenceUnitInfo [name: default]
2025-03-02T11:26:24.530+01:00  INFO 40456 --- [restartedMain] org.hibernate.Version                    : HHH000412: Hibernate ORM core version 6.6.4.Final
2025-03-02T11:26:24.587+01:00  INFO 40456 --- [restartedMain] o.h.c.internal.RegionFactoryInitiator    : HHH000026: Second-level cache disabled
2025-03-02T11:26:25.082+01:00  INFO 40456 --- [restartedMain] o.s.o.j.p.SpringPersistenceUnitInfo      : No LoadTimeWeaver setup: ignoring JPA class transformer
2025-03-02T11:26:25.124+01:00  INFO 40456 --- [restartedMain] com.zaxxer.hikari.HikariDataSource       : HikariPool-1 - Starting...
2025-03-02T11:26:25.361+01:00  INFO 40456 --- [restartedMain] com.zaxxer.hikari.pool.HikariPool        : HikariPool-1 - Added connection com.mysql.cj.jdbc.ConnectionImpl@156014bd
2025-03-02T11:26:25.364+01:00  INFO 40456 --- [restartedMain] com.zaxxer.hikari.HikariDataSource       : HikariPool-1 - Start completed.
2025-03-02T11:26:25.404+01:00  WARN 40456 --- [restartedMain] org.hibernate.orm.deprecation            : HHH90000025: MySQLDialect does not need to be specified explicitly using 'hibernate.dialect' (remove the property setting and it will be selected by default)
2025-03-02T11:26:25.426+01:00  INFO 40456 --- [restartedMain] org.hibernate.orm.connections.pooling    : HHH10001005: Database info:
	Database JDBC URL [Connecting through datasource 'HikariDataSource (HikariPool-1)']
	Database driver: undefined/unknown
	Database version: 8.4.3
	Autocommit mode: undefined/unknown
	Isolation level: undefined/unknown
	Minimum pool size: undefined/unknown
	Maximum pool size: undefined/unknown
2025-03-02T11:26:26.495+01:00  INFO 40456 --- [restartedMain] o.h.e.t.j.p.i.JtaPlatformInitiator       : HHH000489: No JTA platform available (set 'hibernate.transaction.jta.platform' to enable JTA platform integration)
2025-03-02T11:26:26.551+01:00  INFO 40456 --- [restartedMain] j.LocalContainerEntityManagerFactoryBean : Initialized JPA EntityManagerFactory for persistence unit 'default'
2025-03-02T11:26:27.104+01:00 DEBUG 40456 --- [restartedMain] swordEncoderAuthenticationManagerBuilder : No authenticationProviders and no parentAuthenticationManager defined. Returning null.
2025-03-02T11:26:27.147+01:00  WARN 40456 --- [restartedMain] JpaBaseConfiguration$JpaWebConfiguration : spring.jpa.open-in-view is enabled by default. Therefore, database queries may be performed during view rendering. Explicitly configure spring.jpa.open-in-view to disable this warning
2025-03-02T11:26:27.462+01:00 DEBUG 40456 --- [restartedMain] s.w.s.m.m.a.RequestMappingHandlerMapping : 5 mappings in 'requestMappingHandlerMapping'
2025-03-02T11:26:27.632+01:00 DEBUG 40456 --- [restartedMain] o.s.w.s.handler.SimpleUrlHandlerMapping  : Patterns [/webjars/**, /**] in 'resourceHandlerMapping'
2025-03-02T11:26:27.717+01:00 DEBUG 40456 --- [restartedMain] o.s.s.web.DefaultSecurityFilterChain     : Will secure any request with filters: DisableEncodeUrlFilter, WebAsyncManagerIntegrationFilter, SecurityContextHolderFilter, HeaderWriterFilter, LogoutFilter, RequestCacheAwareFilter, SecurityContextHolderAwareRequestFilter, AnonymousAuthenticationFilter, SessionManagementFilter, ExceptionTranslationFilter, AuthorizationFilter
2025-03-02T11:26:27.851+01:00 DEBUG 40456 --- [restartedMain] s.w.s.m.m.a.RequestMappingHandlerAdapter : ControllerAdvice beans: 0 @ModelAttribute, 0 @InitBinder, 1 RequestBodyAdvice, 1 ResponseBodyAdvice
2025-03-02T11:26:27.952+01:00 DEBUG 40456 --- [restartedMain] .m.m.a.ExceptionHandlerExceptionResolver : ControllerAdvice beans: 0 @ExceptionHandler, 1 ResponseBodyAdvice
2025-03-02T11:26:28.188+01:00  INFO 40456 --- [restartedMain] o.s.b.d.a.OptionalLiveReloadServer       : LiveReload server is running on port 35729
2025-03-02T11:26:28.235+01:00  INFO 40456 --- [restartedMain] o.s.b.w.embedded.tomcat.TomcatWebServer  : Tomcat started on port 8081 (http) with context path '/'
2025-03-02T11:26:28.248+01:00  INFO 40456 --- [restartedMain] c.t.t.TerraNostraApiApplication          : Started TerraNostraApiApplication in 7.791 seconds (process running for 8.869)
2025-03-02T11:26:38.100+01:00  INFO 40456 --- [http-nio-8081-exec-2] o.a.c.c.C.[Tomcat].[localhost].[/]       : Initializing Spring DispatcherServlet 'dispatcherServlet'
2025-03-02T11:26:38.100+01:00  INFO 40456 --- [http-nio-8081-exec-2] o.s.web.servlet.DispatcherServlet        : Initializing Servlet 'dispatcherServlet'
2025-03-02T11:26:38.101+01:00 DEBUG 40456 --- [http-nio-8081-exec-2] o.s.web.servlet.DispatcherServlet        : Detected StandardServletMultipartResolver
2025-03-02T11:26:38.101+01:00 DEBUG 40456 --- [http-nio-8081-exec-2] o.s.web.servlet.DispatcherServlet        : Detected AcceptHeaderLocaleResolver
2025-03-02T11:26:38.101+01:00 DEBUG 40456 --- [http-nio-8081-exec-2] o.s.web.servlet.DispatcherServlet        : Detected FixedThemeResolver
2025-03-02T11:26:38.103+01:00 DEBUG 40456 --- [http-nio-8081-exec-2] o.s.web.servlet.DispatcherServlet        : Detected org.springframework.web.servlet.view.DefaultRequestToViewNameTranslator@5d84768c
2025-03-02T11:26:38.104+01:00 DEBUG 40456 --- [http-nio-8081-exec-2] o.s.web.servlet.DispatcherServlet        : Detected org.springframework.web.servlet.support.SessionFlashMapManager@91f05c9
2025-03-02T11:26:38.105+01:00 DEBUG 40456 --- [http-nio-8081-exec-2] o.s.web.servlet.DispatcherServlet        : enableLoggingRequestDetails='false': request parameters and headers will be masked to prevent unsafe logging of potentially sensitive data
2025-03-02T11:26:38.105+01:00  INFO 40456 --- [http-nio-8081-exec-2] o.s.web.servlet.DispatcherServlet        : Completed initialization in 4 ms
2025-03-02T11:26:38.142+01:00 DEBUG 40456 --- [http-nio-8081-exec-2] o.s.security.web.FilterChainProxy        : Securing POST /api/auth/login
2025-03-02T11:26:38.160+01:00 DEBUG 40456 --- [http-nio-8081-exec-2] o.s.s.w.a.AnonymousAuthenticationFilter  : Set SecurityContextHolder to anonymous SecurityContext
2025-03-02T11:26:38.165+01:00 DEBUG 40456 --- [http-nio-8081-exec-2] o.s.security.web.FilterChainProxy        : Secured POST /api/auth/login
2025-03-02T11:26:38.172+01:00 DEBUG 40456 --- [http-nio-8081-exec-2] o.s.web.servlet.DispatcherServlet        : POST "/api/auth/login", parameters={}
2025-03-02T11:26:38.176+01:00 DEBUG 40456 --- [http-nio-8081-exec-2] s.w.s.m.m.a.RequestMappingHandlerMapping : Mapped to com.tfg.terranostra.controllers.AuthController#inicioSesion(LoginDto)
2025-03-02T11:26:38.316+01:00 DEBUG 40456 --- [http-nio-8081-exec-2] m.m.a.RequestResponseBodyMethodProcessor : Read "application/json;charset=UTF-8" to [LoginDto(email=ballesterospereze@gmail.com, contrasenia=123456)]
2025-03-02T11:26:38.577+01:00 DEBUG 40456 --- [http-nio-8081-exec-2] org.hibernate.SQL                        : 
    select
        um1_0.id,
        um1_0.apellido,
        um1_0.contrasenia,
        um1_0.direccion,
        um1_0.email,
        um1_0.fecha_registro,
        um1_0.nombre,
        um1_0.rol,
        um1_0.telefono 
    from
        usuarios um1_0 
    where
        um1_0.email=?
2025-03-02T11:26:38.825+01:00 DEBUG 40456 --- [http-nio-8081-exec-2] o.s.w.s.m.m.a.HttpEntityMethodProcessor  : Using 'application/json', given [*/*] and supported [application/json, application/*+json]
2025-03-02T11:26:38.836+01:00 DEBUG 40456 --- [http-nio-8081-exec-2] o.s.w.s.m.m.a.HttpEntityMethodProcessor  : Writing [UsuarioDto(id=1, nombre=null, apellido=null, email=ballesterospereze@gmail.com, contrasenia=null, te (truncated)...]
2025-03-02T11:26:38.875+01:00 DEBUG 40456 --- [http-nio-8081-exec-2] o.s.web.servlet.DispatcherServlet        : Completed 200 OK
2025-03-02T11:29:34.403+01:00  INFO 40456 --- [SpringApplicationShutdownHook] o.s.b.w.e.tomcat.GracefulShutdown        : Commencing graceful shutdown. Waiting for active requests to complete
2025-03-02T11:29:34.420+01:00  INFO 40456 --- [tomcat-shutdown] o.s.b.w.e.tomcat.GracefulShutdown        : Graceful shutdown complete
2025-03-02T11:29:34.427+01:00  INFO 40456 --- [SpringApplicationShutdownHook] j.LocalContainerEntityManagerFactoryBean : Closing JPA EntityManagerFactory for persistence unit 'default'
2025-03-02T11:29:34.435+01:00  INFO 40456 --- [SpringApplicationShutdownHook] com.zaxxer.hikari.HikariDataSource       : HikariPool-1 - Shutdown initiated...
2025-03-02T11:29:34.462+01:00  INFO 40456 --- [SpringApplicationShutdownHook] com.zaxxer.hikari.HikariDataSource       : HikariPool-1 - Shutdown completed.
2025-03-02T11:29:43.159+01:00  INFO 38948 --- [restartedMain] c.t.t.TerraNostraApiApplication          : Starting TerraNostraApiApplication using Java 21.0.5 with PID 38948 (C:\Users\balle\Documents\Proyectos\terra-nostra-api\target\classes started by balle in C:\Users\balle\Documents\Proyectos\terra-nostra-api)
2025-03-02T11:29:43.163+01:00  INFO 38948 --- [restartedMain] c.t.t.TerraNostraApiApplication          : No active profile set, falling back to 1 default profile: "default"
2025-03-02T11:29:43.261+01:00  INFO 38948 --- [restartedMain] .e.DevToolsPropertyDefaultsPostProcessor : Devtools property defaults active! Set 'spring.devtools.add-properties' to 'false' to disable
2025-03-02T11:29:43.262+01:00  INFO 38948 --- [restartedMain] .e.DevToolsPropertyDefaultsPostProcessor : For additional web related logging consider setting the 'logging.level.web' property to 'DEBUG'
2025-03-02T11:29:44.615+01:00  INFO 38948 --- [restartedMain] .s.d.r.c.RepositoryConfigurationDelegate : Bootstrapping Spring Data JPA repositories in DEFAULT mode.
2025-03-02T11:29:44.715+01:00  INFO 38948 --- [restartedMain] .s.d.r.c.RepositoryConfigurationDelegate : Finished Spring Data repository scanning in 85 ms. Found 2 JPA repository interfaces.
2025-03-02T11:29:45.738+01:00  INFO 38948 --- [restartedMain] o.s.b.w.embedded.tomcat.TomcatWebServer  : Tomcat initialized with port 8081 (http)
2025-03-02T11:29:45.763+01:00  INFO 38948 --- [restartedMain] o.apache.catalina.core.StandardService   : Starting service [Tomcat]
2025-03-02T11:29:45.763+01:00  INFO 38948 --- [restartedMain] o.apache.catalina.core.StandardEngine    : Starting Servlet engine: [Apache Tomcat/10.1.34]
2025-03-02T11:29:45.837+01:00  INFO 38948 --- [restartedMain] o.a.c.c.C.[Tomcat].[localhost].[/]       : Initializing Spring embedded WebApplicationContext
2025-03-02T11:29:45.839+01:00  INFO 38948 --- [restartedMain] w.s.c.ServletWebServerApplicationContext : Root WebApplicationContext: initialization completed in 2576 ms
2025-03-02T11:29:46.091+01:00  INFO 38948 --- [restartedMain] o.hibernate.jpa.internal.util.LogHelper  : HHH000204: Processing PersistenceUnitInfo [name: default]
2025-03-02T11:29:46.160+01:00  INFO 38948 --- [restartedMain] org.hibernate.Version                    : HHH000412: Hibernate ORM core version 6.6.4.Final
2025-03-02T11:29:46.214+01:00  INFO 38948 --- [restartedMain] o.h.c.internal.RegionFactoryInitiator    : HHH000026: Second-level cache disabled
2025-03-02T11:29:46.632+01:00  INFO 38948 --- [restartedMain] o.s.o.j.p.SpringPersistenceUnitInfo      : No LoadTimeWeaver setup: ignoring JPA class transformer
2025-03-02T11:29:46.668+01:00  INFO 38948 --- [restartedMain] com.zaxxer.hikari.HikariDataSource       : HikariPool-1 - Starting...
2025-03-02T11:29:46.886+01:00  INFO 38948 --- [restartedMain] com.zaxxer.hikari.pool.HikariPool        : HikariPool-1 - Added connection com.mysql.cj.jdbc.ConnectionImpl@156014bd
2025-03-02T11:29:46.889+01:00  INFO 38948 --- [restartedMain] com.zaxxer.hikari.HikariDataSource       : HikariPool-1 - Start completed.
2025-03-02T11:29:46.925+01:00  WARN 38948 --- [restartedMain] org.hibernate.orm.deprecation            : HHH90000025: MySQLDialect does not need to be specified explicitly using 'hibernate.dialect' (remove the property setting and it will be selected by default)
2025-03-02T11:29:46.947+01:00  INFO 38948 --- [restartedMain] org.hibernate.orm.connections.pooling    : HHH10001005: Database info:
	Database JDBC URL [Connecting through datasource 'HikariDataSource (HikariPool-1)']
	Database driver: undefined/unknown
	Database version: 8.4.3
	Autocommit mode: undefined/unknown
	Isolation level: undefined/unknown
	Minimum pool size: undefined/unknown
	Maximum pool size: undefined/unknown
2025-03-02T11:29:47.930+01:00  INFO 38948 --- [restartedMain] o.h.e.t.j.p.i.JtaPlatformInitiator       : HHH000489: No JTA platform available (set 'hibernate.transaction.jta.platform' to enable JTA platform integration)
2025-03-02T11:29:47.977+01:00  INFO 38948 --- [restartedMain] j.LocalContainerEntityManagerFactoryBean : Initialized JPA EntityManagerFactory for persistence unit 'default'
2025-03-02T11:29:48.527+01:00 DEBUG 38948 --- [restartedMain] swordEncoderAuthenticationManagerBuilder : No authenticationProviders and no parentAuthenticationManager defined. Returning null.
2025-03-02T11:29:48.578+01:00  WARN 38948 --- [restartedMain] JpaBaseConfiguration$JpaWebConfiguration : spring.jpa.open-in-view is enabled by default. Therefore, database queries may be performed during view rendering. Explicitly configure spring.jpa.open-in-view to disable this warning
2025-03-02T11:29:48.821+01:00 DEBUG 38948 --- [restartedMain] s.w.s.m.m.a.RequestMappingHandlerMapping : 5 mappings in 'requestMappingHandlerMapping'
2025-03-02T11:29:48.966+01:00 DEBUG 38948 --- [restartedMain] o.s.w.s.handler.SimpleUrlHandlerMapping  : Patterns [/webjars/**, /**] in 'resourceHandlerMapping'
2025-03-02T11:29:49.039+01:00 DEBUG 38948 --- [restartedMain] o.s.s.web.DefaultSecurityFilterChain     : Will secure any request with filters: DisableEncodeUrlFilter, WebAsyncManagerIntegrationFilter, SecurityContextHolderFilter, HeaderWriterFilter, LogoutFilter, RequestCacheAwareFilter, SecurityContextHolderAwareRequestFilter, AnonymousAuthenticationFilter, SessionManagementFilter, ExceptionTranslationFilter, AuthorizationFilter
2025-03-02T11:29:49.149+01:00 DEBUG 38948 --- [restartedMain] s.w.s.m.m.a.RequestMappingHandlerAdapter : ControllerAdvice beans: 0 @ModelAttribute, 0 @InitBinder, 1 RequestBodyAdvice, 1 ResponseBodyAdvice
2025-03-02T11:29:49.233+01:00 DEBUG 38948 --- [restartedMain] .m.m.a.ExceptionHandlerExceptionResolver : ControllerAdvice beans: 0 @ExceptionHandler, 1 ResponseBodyAdvice
2025-03-02T11:29:49.408+01:00  INFO 38948 --- [restartedMain] o.s.b.d.a.OptionalLiveReloadServer       : LiveReload server is running on port 35729
2025-03-02T11:29:49.448+01:00  INFO 38948 --- [restartedMain] o.s.b.w.embedded.tomcat.TomcatWebServer  : Tomcat started on port 8081 (http) with context path '/'
2025-03-02T11:29:49.458+01:00  INFO 38948 --- [restartedMain] c.t.t.TerraNostraApiApplication          : Started TerraNostraApiApplication in 7.271 seconds (process running for 8.407)
2025-03-02T11:30:24.523+01:00  INFO 38948 --- [http-nio-8081-exec-1] o.a.c.c.C.[Tomcat].[localhost].[/]       : Initializing Spring DispatcherServlet 'dispatcherServlet'
2025-03-02T11:30:24.524+01:00  INFO 38948 --- [http-nio-8081-exec-1] o.s.web.servlet.DispatcherServlet        : Initializing Servlet 'dispatcherServlet'
2025-03-02T11:30:24.525+01:00 DEBUG 38948 --- [http-nio-8081-exec-1] o.s.web.servlet.DispatcherServlet        : Detected StandardServletMultipartResolver
2025-03-02T11:30:24.527+01:00 DEBUG 38948 --- [http-nio-8081-exec-1] o.s.web.servlet.DispatcherServlet        : Detected AcceptHeaderLocaleResolver
2025-03-02T11:30:24.527+01:00 DEBUG 38948 --- [http-nio-8081-exec-1] o.s.web.servlet.DispatcherServlet        : Detected FixedThemeResolver
2025-03-02T11:30:24.529+01:00 DEBUG 38948 --- [http-nio-8081-exec-1] o.s.web.servlet.DispatcherServlet        : Detected org.springframework.web.servlet.view.DefaultRequestToViewNameTranslator@451ef4f4
2025-03-02T11:30:24.530+01:00 DEBUG 38948 --- [http-nio-8081-exec-1] o.s.web.servlet.DispatcherServlet        : Detected org.springframework.web.servlet.support.SessionFlashMapManager@4b4c7106
2025-03-02T11:30:24.531+01:00 DEBUG 38948 --- [http-nio-8081-exec-1] o.s.web.servlet.DispatcherServlet        : enableLoggingRequestDetails='false': request parameters and headers will be masked to prevent unsafe logging of potentially sensitive data
2025-03-02T11:30:24.532+01:00  INFO 38948 --- [http-nio-8081-exec-1] o.s.web.servlet.DispatcherServlet        : Completed initialization in 7 ms
2025-03-02T11:30:24.588+01:00 DEBUG 38948 --- [http-nio-8081-exec-1] o.s.security.web.FilterChainProxy        : Securing POST /api/auth/login
2025-03-02T11:30:24.603+01:00 DEBUG 38948 --- [http-nio-8081-exec-1] o.s.s.w.a.AnonymousAuthenticationFilter  : Set SecurityContextHolder to anonymous SecurityContext
2025-03-02T11:30:24.606+01:00 DEBUG 38948 --- [http-nio-8081-exec-1] o.s.security.web.FilterChainProxy        : Secured POST /api/auth/login
2025-03-02T11:30:24.611+01:00 DEBUG 38948 --- [http-nio-8081-exec-1] o.s.web.servlet.DispatcherServlet        : POST "/api/auth/login", parameters={}
2025-03-02T11:30:24.616+01:00 DEBUG 38948 --- [http-nio-8081-exec-1] s.w.s.m.m.a.RequestMappingHandlerMapping : Mapped to com.tfg.terranostra.controllers.AuthController#inicioSesion(LoginDto)
2025-03-02T11:30:24.755+01:00 DEBUG 38948 --- [http-nio-8081-exec-1] m.m.a.RequestResponseBodyMethodProcessor : Read "application/json;charset=UTF-8" to [LoginDto(email=ballesterospereze@gmail.com, contrasenia=123456)]
2025-03-02T11:30:24.983+01:00 DEBUG 38948 --- [http-nio-8081-exec-1] org.hibernate.SQL                        : 
    select
        um1_0.id,
        um1_0.apellido,
        um1_0.contrasenia,
        um1_0.direccion,
        um1_0.email,
        um1_0.fecha_registro,
        um1_0.nombre,
        um1_0.rol,
        um1_0.telefono 
    from
        usuarios um1_0 
    where
        um1_0.email=?
2025-03-02T11:30:25.250+01:00 DEBUG 38948 --- [http-nio-8081-exec-1] o.s.w.s.m.m.a.HttpEntityMethodProcessor  : Using 'application/json', given [*/*] and supported [application/json, application/*+json]
2025-03-02T11:30:25.253+01:00 DEBUG 38948 --- [http-nio-8081-exec-1] o.s.w.s.m.m.a.HttpEntityMethodProcessor  : Writing [UsuarioDto(id=1, nombre=null, apellido=null, email=ballesterospereze@gmail.com, contrasenia=null, te (truncated)...]
2025-03-02T11:30:25.280+01:00 DEBUG 38948 --- [http-nio-8081-exec-1] o.s.web.servlet.DispatcherServlet        : Completed 200 OK
2025-03-02T11:33:00.818+01:00  INFO 38948 --- [SpringApplicationShutdownHook] o.s.b.w.e.tomcat.GracefulShutdown        : Commencing graceful shutdown. Waiting for active requests to complete
2025-03-02T11:33:00.835+01:00  INFO 38948 --- [tomcat-shutdown] o.s.b.w.e.tomcat.GracefulShutdown        : Graceful shutdown complete
2025-03-02T11:33:00.845+01:00  INFO 38948 --- [SpringApplicationShutdownHook] j.LocalContainerEntityManagerFactoryBean : Closing JPA EntityManagerFactory for persistence unit 'default'
2025-03-02T11:33:00.853+01:00  INFO 38948 --- [SpringApplicationShutdownHook] com.zaxxer.hikari.HikariDataSource       : HikariPool-1 - Shutdown initiated...
2025-03-02T11:33:00.872+01:00  INFO 38948 --- [SpringApplicationShutdownHook] com.zaxxer.hikari.HikariDataSource       : HikariPool-1 - Shutdown completed.
2025-03-02T11:33:17.888+01:00  INFO 1820 --- [restartedMain] c.t.t.TerraNostraApiApplication          : Starting TerraNostraApiApplication using Java 21.0.5 with PID 1820 (C:\Users\balle\Documents\Proyectos\terra-nostra-api\target\classes started by balle in C:\Users\balle\Documents\Proyectos\terra-nostra-api)
2025-03-02T11:33:17.893+01:00  INFO 1820 --- [restartedMain] c.t.t.TerraNostraApiApplication          : No active profile set, falling back to 1 default profile: "default"
2025-03-02T11:33:17.970+01:00  INFO 1820 --- [restartedMain] .e.DevToolsPropertyDefaultsPostProcessor : Devtools property defaults active! Set 'spring.devtools.add-properties' to 'false' to disable
2025-03-02T11:33:17.971+01:00  INFO 1820 --- [restartedMain] .e.DevToolsPropertyDefaultsPostProcessor : For additional web related logging consider setting the 'logging.level.web' property to 'DEBUG'
2025-03-02T11:33:19.365+01:00  INFO 1820 --- [restartedMain] .s.d.r.c.RepositoryConfigurationDelegate : Bootstrapping Spring Data JPA repositories in DEFAULT mode.
2025-03-02T11:33:19.489+01:00  INFO 1820 --- [restartedMain] .s.d.r.c.RepositoryConfigurationDelegate : Finished Spring Data repository scanning in 105 ms. Found 2 JPA repository interfaces.
2025-03-02T11:33:20.568+01:00  INFO 1820 --- [restartedMain] o.s.b.w.embedded.tomcat.TomcatWebServer  : Tomcat initialized with port 8081 (http)
2025-03-02T11:33:20.647+01:00  INFO 1820 --- [restartedMain] w.s.c.ServletWebServerApplicationContext : Root WebApplicationContext: initialization completed in 2675 ms
2025-03-02T11:33:20.934+01:00  INFO 1820 --- [restartedMain] o.hibernate.jpa.internal.util.LogHelper  : HHH000204: Processing PersistenceUnitInfo [name: default]
2025-03-02T11:33:21.039+01:00  INFO 1820 --- [restartedMain] org.hibernate.Version                    : HHH000412: Hibernate ORM core version 6.6.4.Final
2025-03-02T11:33:21.101+01:00  INFO 1820 --- [restartedMain] o.h.c.internal.RegionFactoryInitiator    : HHH000026: Second-level cache disabled
2025-03-02T11:33:21.485+01:00  INFO 1820 --- [restartedMain] o.s.o.j.p.SpringPersistenceUnitInfo      : No LoadTimeWeaver setup: ignoring JPA class transformer
2025-03-02T11:33:21.522+01:00  INFO 1820 --- [restartedMain] com.zaxxer.hikari.HikariDataSource       : HikariPool-1 - Starting...
2025-03-02T11:33:21.750+01:00  INFO 1820 --- [restartedMain] com.zaxxer.hikari.pool.HikariPool        : HikariPool-1 - Added connection com.mysql.cj.jdbc.ConnectionImpl@7be9b3c1
2025-03-02T11:33:21.752+01:00  INFO 1820 --- [restartedMain] com.zaxxer.hikari.HikariDataSource       : HikariPool-1 - Start completed.
2025-03-02T11:33:21.785+01:00  WARN 1820 --- [restartedMain] org.hibernate.orm.deprecation            : HHH90000025: MySQLDialect does not need to be specified explicitly using 'hibernate.dialect' (remove the property setting and it will be selected by default)
2025-03-02T11:33:21.805+01:00  INFO 1820 --- [restartedMain] org.hibernate.orm.connections.pooling    : HHH10001005: Database info:
	Database JDBC URL [Connecting through datasource 'HikariDataSource (HikariPool-1)']
	Database driver: undefined/unknown
	Database version: 8.4.3
	Autocommit mode: undefined/unknown
	Isolation level: undefined/unknown
	Minimum pool size: undefined/unknown
	Maximum pool size: undefined/unknown
2025-03-02T11:33:22.601+01:00  INFO 1820 --- [restartedMain] o.h.e.t.j.p.i.JtaPlatformInitiator       : HHH000489: No JTA platform available (set 'hibernate.transaction.jta.platform' to enable JTA platform integration)
2025-03-02T11:33:22.668+01:00  INFO 1820 --- [restartedMain] j.LocalContainerEntityManagerFactoryBean : Initialized JPA EntityManagerFactory for persistence unit 'default'
2025-03-02T11:33:23.163+01:00 DEBUG 1820 --- [restartedMain] swordEncoderAuthenticationManagerBuilder : No authenticationProviders and no parentAuthenticationManager defined. Returning null.
2025-03-02T11:33:23.204+01:00  WARN 1820 --- [restartedMain] JpaBaseConfiguration$JpaWebConfiguration : spring.jpa.open-in-view is enabled by default. Therefore, database queries may be performed during view rendering. Explicitly configure spring.jpa.open-in-view to disable this warning
2025-03-02T11:33:23.460+01:00 DEBUG 1820 --- [restartedMain] s.w.s.m.m.a.RequestMappingHandlerMapping : 5 mappings in 'requestMappingHandlerMapping'
2025-03-02T11:33:23.615+01:00 DEBUG 1820 --- [restartedMain] o.s.w.s.handler.SimpleUrlHandlerMapping  : Patterns [/webjars/**, /**] in 'resourceHandlerMapping'
2025-03-02T11:33:23.687+01:00 DEBUG 1820 --- [restartedMain] o.s.s.web.DefaultSecurityFilterChain     : Will secure any request with filters: DisableEncodeUrlFilter, WebAsyncManagerIntegrationFilter, SecurityContextHolderFilter, HeaderWriterFilter, LogoutFilter, RequestCacheAwareFilter, SecurityContextHolderAwareRequestFilter, AnonymousAuthenticationFilter, SessionManagementFilter, ExceptionTranslationFilter, AuthorizationFilter
2025-03-02T11:33:23.808+01:00 DEBUG 1820 --- [restartedMain] s.w.s.m.m.a.RequestMappingHandlerAdapter : ControllerAdvice beans: 0 @ModelAttribute, 0 @InitBinder, 1 RequestBodyAdvice, 1 ResponseBodyAdvice
2025-03-02T11:33:23.901+01:00 DEBUG 1820 --- [restartedMain] .m.m.a.ExceptionHandlerExceptionResolver : ControllerAdvice beans: 0 @ExceptionHandler, 1 ResponseBodyAdvice
2025-03-02T11:33:24.117+01:00  INFO 1820 --- [restartedMain] o.s.b.d.a.OptionalLiveReloadServer       : LiveReload server is running on port 35729
2025-03-02T11:33:24.178+01:00  INFO 1820 --- [restartedMain] o.s.b.w.embedded.tomcat.TomcatWebServer  : Tomcat started on port 8081 (http) with context path '/'
2025-03-02T11:33:24.189+01:00  INFO 1820 --- [restartedMain] c.t.t.TerraNostraApiApplication          : Started TerraNostraApiApplication in 7.199 seconds (process running for 8.228)
2025-03-02T11:33:24.194+01:00  INFO 1820 --- [SpringApplicationShutdownHook] o.s.b.w.e.tomcat.GracefulShutdown        : Commencing graceful shutdown. Waiting for active requests to complete
2025-03-02T11:33:24.202+01:00  INFO 1820 --- [tomcat-shutdown] o.s.b.w.e.tomcat.GracefulShutdown        : Graceful shutdown complete
2025-03-02T11:33:24.208+01:00  INFO 1820 --- [SpringApplicationShutdownHook] j.LocalContainerEntityManagerFactoryBean : Closing JPA EntityManagerFactory for persistence unit 'default'
2025-03-02T11:33:24.214+01:00  INFO 1820 --- [SpringApplicationShutdownHook] com.zaxxer.hikari.HikariDataSource       : HikariPool-1 - Shutdown initiated...
2025-03-02T11:33:24.225+01:00  INFO 1820 --- [SpringApplicationShutdownHook] com.zaxxer.hikari.HikariDataSource       : HikariPool-1 - Shutdown completed.
2025-03-02T11:33:26.739+01:00  INFO 15628 --- [restartedMain] c.t.t.TerraNostraApiApplication          : Starting TerraNostraApiApplication using Java 21.0.5 with PID 15628 (C:\Users\balle\Documents\Proyectos\terra-nostra-api\target\classes started by balle in C:\Users\balle\Documents\Proyectos\terra-nostra-api)
2025-03-02T11:33:26.743+01:00  INFO 15628 --- [restartedMain] c.t.t.TerraNostraApiApplication          : No active profile set, falling back to 1 default profile: "default"
2025-03-02T11:33:26.796+01:00  INFO 15628 --- [restartedMain] .e.DevToolsPropertyDefaultsPostProcessor : Devtools property defaults active! Set 'spring.devtools.add-properties' to 'false' to disable
2025-03-02T11:33:26.797+01:00  INFO 15628 --- [restartedMain] .e.DevToolsPropertyDefaultsPostProcessor : For additional web related logging consider setting the 'logging.level.web' property to 'DEBUG'
2025-03-02T11:33:27.789+01:00  INFO 15628 --- [restartedMain] .s.d.r.c.RepositoryConfigurationDelegate : Bootstrapping Spring Data JPA repositories in DEFAULT mode.
2025-03-02T11:33:27.874+01:00  INFO 15628 --- [restartedMain] .s.d.r.c.RepositoryConfigurationDelegate : Finished Spring Data repository scanning in 72 ms. Found 2 JPA repository interfaces.
2025-03-02T11:33:28.861+01:00  INFO 15628 --- [restartedMain] o.s.b.w.embedded.tomcat.TomcatWebServer  : Tomcat initialized with port 8081 (http)
2025-03-02T11:33:28.882+01:00  INFO 15628 --- [restartedMain] o.apache.catalina.core.StandardService   : Starting service [Tomcat]
2025-03-02T11:33:28.882+01:00  INFO 15628 --- [restartedMain] o.apache.catalina.core.StandardEngine    : Starting Servlet engine: [Apache Tomcat/10.1.34]
2025-03-02T11:33:28.950+01:00  INFO 15628 --- [restartedMain] o.a.c.c.C.[Tomcat].[localhost].[/]       : Initializing Spring embedded WebApplicationContext
2025-03-02T11:33:28.951+01:00  INFO 15628 --- [restartedMain] w.s.c.ServletWebServerApplicationContext : Root WebApplicationContext: initialization completed in 2153 ms
2025-03-02T11:33:29.246+01:00  INFO 15628 --- [restartedMain] o.hibernate.jpa.internal.util.LogHelper  : HHH000204: Processing PersistenceUnitInfo [name: default]
2025-03-02T11:33:29.377+01:00  INFO 15628 --- [restartedMain] org.hibernate.Version                    : HHH000412: Hibernate ORM core version 6.6.4.Final
2025-03-02T11:33:29.443+01:00  INFO 15628 --- [restartedMain] o.h.c.internal.RegionFactoryInitiator    : HHH000026: Second-level cache disabled
2025-03-02T11:33:29.831+01:00  INFO 15628 --- [restartedMain] o.s.o.j.p.SpringPersistenceUnitInfo      : No LoadTimeWeaver setup: ignoring JPA class transformer
2025-03-02T11:33:29.870+01:00  INFO 15628 --- [restartedMain] com.zaxxer.hikari.HikariDataSource       : HikariPool-1 - Starting...
2025-03-02T11:33:30.089+01:00  INFO 15628 --- [restartedMain] com.zaxxer.hikari.pool.HikariPool        : HikariPool-1 - Added connection com.mysql.cj.jdbc.ConnectionImpl@694c95c3
2025-03-02T11:33:30.091+01:00  INFO 15628 --- [restartedMain] com.zaxxer.hikari.HikariDataSource       : HikariPool-1 - Start completed.
2025-03-02T11:33:30.130+01:00  WARN 15628 --- [restartedMain] org.hibernate.orm.deprecation            : HHH90000025: MySQLDialect does not need to be specified explicitly using 'hibernate.dialect' (remove the property setting and it will be selected by default)
2025-03-02T11:33:30.153+01:00  INFO 15628 --- [restartedMain] org.hibernate.orm.connections.pooling    : HHH10001005: Database info:
	Database JDBC URL [Connecting through datasource 'HikariDataSource (HikariPool-1)']
	Database driver: undefined/unknown
	Database version: 8.4.3
	Autocommit mode: undefined/unknown
	Isolation level: undefined/unknown
	Minimum pool size: undefined/unknown
	Maximum pool size: undefined/unknown
2025-03-02T11:33:31.079+01:00  INFO 15628 --- [restartedMain] o.h.e.t.j.p.i.JtaPlatformInitiator       : HHH000489: No JTA platform available (set 'hibernate.transaction.jta.platform' to enable JTA platform integration)
2025-03-02T11:33:31.129+01:00  INFO 15628 --- [restartedMain] j.LocalContainerEntityManagerFactoryBean : Initialized JPA EntityManagerFactory for persistence unit 'default'
2025-03-02T11:33:31.639+01:00 DEBUG 15628 --- [restartedMain] swordEncoderAuthenticationManagerBuilder : No authenticationProviders and no parentAuthenticationManager defined. Returning null.
2025-03-02T11:33:31.685+01:00  WARN 15628 --- [restartedMain] JpaBaseConfiguration$JpaWebConfiguration : spring.jpa.open-in-view is enabled by default. Therefore, database queries may be performed during view rendering. Explicitly configure spring.jpa.open-in-view to disable this warning
2025-03-02T11:33:31.951+01:00 DEBUG 15628 --- [restartedMain] s.w.s.m.m.a.RequestMappingHandlerMapping : 5 mappings in 'requestMappingHandlerMapping'
2025-03-02T11:33:32.094+01:00 DEBUG 15628 --- [restartedMain] o.s.w.s.handler.SimpleUrlHandlerMapping  : Patterns [/webjars/**, /**] in 'resourceHandlerMapping'
2025-03-02T11:33:32.178+01:00 DEBUG 15628 --- [restartedMain] o.s.s.web.DefaultSecurityFilterChain     : Will secure any request with filters: DisableEncodeUrlFilter, WebAsyncManagerIntegrationFilter, SecurityContextHolderFilter, HeaderWriterFilter, LogoutFilter, RequestCacheAwareFilter, SecurityContextHolderAwareRequestFilter, AnonymousAuthenticationFilter, SessionManagementFilter, ExceptionTranslationFilter, AuthorizationFilter
2025-03-02T11:33:32.297+01:00 DEBUG 15628 --- [restartedMain] s.w.s.m.m.a.RequestMappingHandlerAdapter : ControllerAdvice beans: 0 @ModelAttribute, 0 @InitBinder, 1 RequestBodyAdvice, 1 ResponseBodyAdvice
2025-03-02T11:33:32.383+01:00 DEBUG 15628 --- [restartedMain] .m.m.a.ExceptionHandlerExceptionResolver : ControllerAdvice beans: 0 @ExceptionHandler, 1 ResponseBodyAdvice
2025-03-02T11:33:32.567+01:00  INFO 15628 --- [restartedMain] o.s.b.d.a.OptionalLiveReloadServer       : LiveReload server is running on port 35729
2025-03-02T11:33:32.607+01:00  INFO 15628 --- [restartedMain] o.s.b.w.embedded.tomcat.TomcatWebServer  : Tomcat started on port 8081 (http) with context path '/'
2025-03-02T11:33:32.617+01:00  INFO 15628 --- [restartedMain] c.t.t.TerraNostraApiApplication          : Started TerraNostraApiApplication in 6.539 seconds (process running for 7.192)
2025-03-02T11:33:57.580+01:00  INFO 15628 --- [http-nio-8081-exec-2] o.a.c.c.C.[Tomcat].[localhost].[/]       : Initializing Spring DispatcherServlet 'dispatcherServlet'
2025-03-02T11:33:57.581+01:00  INFO 15628 --- [http-nio-8081-exec-2] o.s.web.servlet.DispatcherServlet        : Initializing Servlet 'dispatcherServlet'
2025-03-02T11:33:57.582+01:00 DEBUG 15628 --- [http-nio-8081-exec-2] o.s.web.servlet.DispatcherServlet        : Detected StandardServletMultipartResolver
2025-03-02T11:33:57.582+01:00 DEBUG 15628 --- [http-nio-8081-exec-2] o.s.web.servlet.DispatcherServlet        : Detected AcceptHeaderLocaleResolver
2025-03-02T11:33:57.582+01:00 DEBUG 15628 --- [http-nio-8081-exec-2] o.s.web.servlet.DispatcherServlet        : Detected FixedThemeResolver
2025-03-02T11:33:57.584+01:00 DEBUG 15628 --- [http-nio-8081-exec-2] o.s.web.servlet.DispatcherServlet        : Detected org.springframework.web.servlet.view.DefaultRequestToViewNameTranslator@28ecaff2
2025-03-02T11:33:57.587+01:00 DEBUG 15628 --- [http-nio-8081-exec-2] o.s.web.servlet.DispatcherServlet        : Detected org.springframework.web.servlet.support.SessionFlashMapManager@1d6623fa
2025-03-02T11:33:57.588+01:00 DEBUG 15628 --- [http-nio-8081-exec-2] o.s.web.servlet.DispatcherServlet        : enableLoggingRequestDetails='false': request parameters and headers will be masked to prevent unsafe logging of potentially sensitive data
2025-03-02T11:33:57.588+01:00  INFO 15628 --- [http-nio-8081-exec-2] o.s.web.servlet.DispatcherServlet        : Completed initialization in 7 ms
2025-03-02T11:33:57.631+01:00 DEBUG 15628 --- [http-nio-8081-exec-2] o.s.security.web.FilterChainProxy        : Securing POST /api/auth/login
2025-03-02T11:33:57.644+01:00 DEBUG 15628 --- [http-nio-8081-exec-2] o.s.s.w.a.AnonymousAuthenticationFilter  : Set SecurityContextHolder to anonymous SecurityContext
2025-03-02T11:33:57.649+01:00 DEBUG 15628 --- [http-nio-8081-exec-2] o.s.security.web.FilterChainProxy        : Secured POST /api/auth/login
2025-03-02T11:33:57.654+01:00 DEBUG 15628 --- [http-nio-8081-exec-2] o.s.web.servlet.DispatcherServlet        : POST "/api/auth/login", parameters={}
2025-03-02T11:33:57.658+01:00 DEBUG 15628 --- [http-nio-8081-exec-2] s.w.s.m.m.a.RequestMappingHandlerMapping : Mapped to com.tfg.terranostra.controllers.AuthController#inicioSesion(LoginDto)
2025-03-02T11:33:57.794+01:00 DEBUG 15628 --- [http-nio-8081-exec-2] m.m.a.RequestResponseBodyMethodProcessor : Read "application/json;charset=UTF-8" to [LoginDto(email=ballesterospereze@gmail.com, contrasenia=123456)]
2025-03-02T11:33:58.000+01:00 DEBUG 15628 --- [http-nio-8081-exec-2] org.hibernate.SQL                        : 
    select
        um1_0.id,
        um1_0.apellido,
        um1_0.contrasenia,
        um1_0.direccion,
        um1_0.email,
        um1_0.fecha_registro,
        um1_0.nombre,
        um1_0.rol,
        um1_0.telefono 
    from
        usuarios um1_0 
    where
        um1_0.email=?
2025-03-02T11:33:58.248+01:00 DEBUG 15628 --- [http-nio-8081-exec-2] o.s.w.s.m.m.a.HttpEntityMethodProcessor  : Using 'application/json', given [*/*] and supported [application/json, application/*+json]
2025-03-02T11:33:58.250+01:00 DEBUG 15628 --- [http-nio-8081-exec-2] o.s.w.s.m.m.a.HttpEntityMethodProcessor  : Writing [UsuarioDto(id=1, nombre=null, apellido=null, email=ballesterospereze@gmail.com, contrasenia=null, te (truncated)...]
2025-03-02T11:33:58.272+01:00 DEBUG 15628 --- [http-nio-8081-exec-2] o.s.web.servlet.DispatcherServlet        : Completed 200 OK
2025-03-02T11:35:24.340+01:00  INFO 15628 --- [SpringApplicationShutdownHook] o.s.b.w.e.tomcat.GracefulShutdown        : Commencing graceful shutdown. Waiting for active requests to complete
2025-03-02T11:35:24.355+01:00  INFO 15628 --- [tomcat-shutdown] o.s.b.w.e.tomcat.GracefulShutdown        : Graceful shutdown complete
2025-03-02T11:35:24.362+01:00  INFO 15628 --- [SpringApplicationShutdownHook] j.LocalContainerEntityManagerFactoryBean : Closing JPA EntityManagerFactory for persistence unit 'default'
2025-03-02T11:35:24.368+01:00  INFO 15628 --- [SpringApplicationShutdownHook] com.zaxxer.hikari.HikariDataSource       : HikariPool-1 - Shutdown initiated...
2025-03-02T11:35:24.381+01:00  INFO 15628 --- [SpringApplicationShutdownHook] com.zaxxer.hikari.HikariDataSource       : HikariPool-1 - Shutdown completed.
